{"name": "Тест переключения валюты на главной странице", "status": "broken", "statusDetails": {"message": "selenium.common.exceptions.TimeoutException: Message: \nStacktrace:\n\tGetHandleVerifier [0x00007FF726BAFB05+28789]\n\t(No symbol) [0x00007FF726B186E0]\n\t(No symbol) [0x00007FF7269B592A]\n\t(No symbol) [0x00007FF726A0930E]\n\t(No symbol) [0x00007FF726A095FC]\n\t(No symbol) [0x00007FF726A528A7]\n\t(No symbol) [0x00007FF726A2F47F]\n\t(No symbol) [0x00007FF726A4F654]\n\t(No symbol) [0x00007FF726A2F1E3]\n\t(No symbol) [0x00007FF7269FA938]\n\t(No symbol) [0x00007FF7269FBAA1]\n\tGetHandleVerifier [0x00007FF726EE933D+3410093]\n\tGetHandleVerifier [0x00007FF726EFE7DD+3497293]\n\tGetHandleVerifier [0x00007FF726EF2A73+3448803]\n\tGetHandleVerifier [0x00007FF726C77BBB+848171]\n\t(No symbol) [0x00007FF726B23C3F]\n\t(No symbol) [0x00007FF726B1F6E4]\n\t(No symbol) [0x00007FF726B1F87D]\n\t(No symbol) [0x00007FF726B0ED49]\n\tBaseThreadInitThunk [0x00007FFC30B4E8D7+23]\n\tRtlUserThreadStart [0x00007FFC31EBFBCC+44]", "trace": "browser = <selenium.webdriver.chrome.webdriver.WebDriver (session=\"4c51c64c121b35aadc3ee4c96ca53016\")>\n\n    @allure.title(\"Тест переключения валюты на главной странице\")\n    @allure.description(\"Проверяем переключение валюты на евро\")\n    def test_currency_switch(browser):\n        main_page = MainPage(browser)\n>       main_page.switch_currency_to_euro()\n\ntests\\test_find_elements.py:31: \n_ _ _ _ _ _ _ _ _ _ _ _ _ _ _ _ _ _ _ _ _ _ _ _ _ _ _ _ _ _ _ _ _ _ _ _ _ _ _ _\npages\\main_page.py:14: in switch_currency_to_euro\n    self.click(*self.CURRENCY_BUTTON)\npages\\base_page.py:24: in click\n    element = self.find(by, locator)\npages\\base_page.py:16: in find\n    return self.wait.until(EC.presence_of_element_located((by, locator)))\n_ _ _ _ _ _ _ _ _ _ _ _ _ _ _ _ _ _ _ _ _ _ _ _ _ _ _ _ _ _ _ _ _ _ _ _ _ _ _ _\n\nself = <selenium.webdriver.support.wait.WebDriverWait (session=\"4c51c64c121b35aadc3ee4c96ca53016\")>\nmethod = <function presence_of_element_located.<locals>._predicate at 0x000002584CD12F20>\nmessage = ''\n\n    def until(self, method: Callable[[D], Union[Literal[False], T]], message: str = \"\") -> T:\n        \"\"\"Calls the method provided with the driver as an argument until the \\\n        return value does not evaluate to ``False``.\n    \n        :param method: callable(WebDriver)\n        :param message: optional message for :exc:`TimeoutException`\n        :returns: the result of the last call to `method`\n        :raises: :exc:`selenium.common.exceptions.TimeoutException` if timeout occurs\n        \"\"\"\n        screen = None\n        stacktrace = None\n    \n        end_time = time.monotonic() + self._timeout\n        while True:\n            try:\n                value = method(self._driver)\n                if value:\n                    return value\n            except self._ignored_exceptions as exc:\n                screen = getattr(exc, \"screen\", None)\n                stacktrace = getattr(exc, \"stacktrace\", None)\n            time.sleep(self._poll)\n            if time.monotonic() > end_time:\n                break\n>       raise TimeoutException(message, screen, stacktrace)\nE       selenium.common.exceptions.TimeoutException: Message: \nE       Stacktrace:\nE       \tGetHandleVerifier [0x00007FF726BAFB05+28789]\nE       \t(No symbol) [0x00007FF726B186E0]\nE       \t(No symbol) [0x00007FF7269B592A]\nE       \t(No symbol) [0x00007FF726A0930E]\nE       \t(No symbol) [0x00007FF726A095FC]\nE       \t(No symbol) [0x00007FF726A528A7]\nE       \t(No symbol) [0x00007FF726A2F47F]\nE       \t(No symbol) [0x00007FF726A4F654]\nE       \t(No symbol) [0x00007FF726A2F1E3]\nE       \t(No symbol) [0x00007FF7269FA938]\nE       \t(No symbol) [0x00007FF7269FBAA1]\nE       \tGetHandleVerifier [0x00007FF726EE933D+3410093]\nE       \tGetHandleVerifier [0x00007FF726EFE7DD+3497293]\nE       \tGetHandleVerifier [0x00007FF726EF2A73+3448803]\nE       \tGetHandleVerifier [0x00007FF726C77BBB+848171]\nE       \t(No symbol) [0x00007FF726B23C3F]\nE       \t(No symbol) [0x00007FF726B1F6E4]\nE       \t(No symbol) [0x00007FF726B1F87D]\nE       \t(No symbol) [0x00007FF726B0ED49]\nE       \tBaseThreadInitThunk [0x00007FFC30B4E8D7+23]\nE       \tRtlUserThreadStart [0x00007FFC31EBFBCC+44]\n\n.venv\\Lib\\site-packages\\selenium\\webdriver\\support\\wait.py:105: TimeoutException"}, "description": "Проверяем переключение валюты на евро", "steps": [{"name": "Переключаем валюту на евро", "status": "broken", "statusDetails": {"message": "selenium.common.exceptions.TimeoutException: Message: \nStacktrace:\n\tGetHandleVerifier [0x00007FF726BAFB05+28789]\n\t(No symbol) [0x00007FF726B186E0]\n\t(No symbol) [0x00007FF7269B592A]\n\t(No symbol) [0x00007FF726A0930E]\n\t(No symbol) [0x00007FF726A095FC]\n\t(No symbol) [0x00007FF726A528A7]\n\t(No symbol) [0x00007FF726A2F47F]\n\t(No symbol) [0x00007FF726A4F654]\n\t(No symbol) [0x00007FF726A2F1E3]\n\t(No symbol) [0x00007FF7269FA938]\n\t(No symbol) [0x00007FF7269FBAA1]\n\tGetHandleVerifier [0x00007FF726EE933D+3410093]\n\tGetHandleVerifier [0x00007FF726EFE7DD+3497293]\n\tGetHandleVerifier [0x00007FF726EF2A73+3448803]\n\tGetHandleVerifier [0x00007FF726C77BBB+848171]\n\t(No symbol) [0x00007FF726B23C3F]\n\t(No symbol) [0x00007FF726B1F6E4]\n\t(No symbol) [0x00007FF726B1F87D]\n\t(No symbol) [0x00007FF726B0ED49]\n\tBaseThreadInitThunk [0x00007FFC30B4E8D7+23]\n\tRtlUserThreadStart [0x00007FFC31EBFBCC+44]\n\n", "trace": "  File \"C:\\Otus_lerning\\OpenCart_Selenium\\.venv\\Lib\\site-packages\\allure_commons\\_allure.py\", line 192, in impl\n    return func(*a, **kw)\n           ^^^^^^^^^^^^^^\n  File \"C:\\Otus_lerning\\OpenCart_Selenium\\pages\\main_page.py\", line 14, in switch_currency_to_euro\n    self.click(*self.CURRENCY_BUTTON)\n  File \"C:\\Otus_lerning\\OpenCart_Selenium\\pages\\base_page.py\", line 24, in click\n    element = self.find(by, locator)\n              ^^^^^^^^^^^^^^^^^^^^^^\n  File \"C:\\Otus_lerning\\OpenCart_Selenium\\pages\\base_page.py\", line 16, in find\n    return self.wait.until(EC.presence_of_element_located((by, locator)))\n           ^^^^^^^^^^^^^^^^^^^^^^^^^^^^^^^^^^^^^^^^^^^^^^^^^^^^^^^^^^^^^^\n  File \"C:\\Otus_lerning\\OpenCart_Selenium\\.venv\\Lib\\site-packages\\selenium\\webdriver\\support\\wait.py\", line 105, in until\n    raise TimeoutException(message, screen, stacktrace)\n"}, "start": 1734889235386, "stop": 1734889245596}], "attachments": [{"name": "screenshot", "source": "e0c337e8-bf22-484f-857e-37fe25e8201b-attachment.png", "type": "image/png"}, {"name": "log", "source": "d8bcc1c2-0171-4210-8cbb-0912333a7c9c-attachment.txt", "type": "text/plain"}], "start": 1734889235386, "stop": 1734889245597, "uuid": "73565be4-5225-4b6d-a92a-896eecca1970", "historyId": "77bcb99aa84a90a9d2135ac268bec1a4", "testCaseId": "77bcb99aa84a90a9d2135ac268bec1a4", "fullName": "tests.test_find_elements#test_currency_switch", "labels": [{"name": "parentSuite", "value": "tests"}, {"name": "suite", "value": "test_find_elements"}, {"name": "host", "value": "MSI"}, {"name": "thread", "value": "16508-MainThread"}, {"name": "framework", "value": "pytest"}, {"name": "language", "value": "cpython3"}, {"name": "package", "value": "tests.test_find_elements"}]}