{"name": "Тест регистрации пользователя", "status": "broken", "statusDetails": {"message": "selenium.common.exceptions.TimeoutException: Message: \nStacktrace:\n\tGetHandleVerifier [0x00007FF726BAFB05+28789]\n\t(No symbol) [0x00007FF726B186E0]\n\t(No symbol) [0x00007FF7269B592A]\n\t(No symbol) [0x00007FF726A0930E]\n\t(No symbol) [0x00007FF726A095FC]\n\t(No symbol) [0x00007FF726A528A7]\n\t(No symbol) [0x00007FF726A2F47F]\n\t(No symbol) [0x00007FF726A4F654]\n\t(No symbol) [0x00007FF726A2F1E3]\n\t(No symbol) [0x00007FF7269FA938]\n\t(No symbol) [0x00007FF7269FBAA1]\n\tGetHandleVerifier [0x00007FF726EE933D+3410093]\n\tGetHandleVerifier [0x00007FF726EFE7DD+3497293]\n\tGetHandleVerifier [0x00007FF726EF2A73+3448803]\n\tGetHandleVerifier [0x00007FF726C77BBB+848171]\n\t(No symbol) [0x00007FF726B23C3F]\n\t(No symbol) [0x00007FF726B1F6E4]\n\t(No symbol) [0x00007FF726B1F87D]\n\t(No symbol) [0x00007FF726B0ED49]\n\tBaseThreadInitThunk [0x00007FFC30B4E8D7+23]\n\tRtlUserThreadStart [0x00007FFC31EBFBCC+44]", "trace": "browser = <selenium.webdriver.chrome.webdriver.WebDriver (session=\"052c676d9641dd456304ab501a3edbe4\")>\n\n    @allure.title(\"Тест регистрации пользователя\")\n    @allure.description(\"Регистрируем пользователя с указанными данными\")\n    def test_user_registration(browser):\n        registration_page = RegistrationPage(browser)\n>       registration_page.register_user(\"John\", \"Doe\", \"john.doe@example.com\", \"password123\")\n\ntests\\test_find_elements.py:40: \n_ _ _ _ _ _ _ _ _ _ _ _ _ _ _ _ _ _ _ _ _ _ _ _ _ _ _ _ _ _ _ _ _ _ _ _ _ _ _ _\npages\\registration_page.py:17: in register_user\n    self.input_text(*self.FIRSTNAME_INPUT, firstname)\npages\\base_page.py:33: in input_text\n    element = self.find(by, locator)\npages\\base_page.py:16: in find\n    return self.wait.until(EC.presence_of_element_located((by, locator)))\n_ _ _ _ _ _ _ _ _ _ _ _ _ _ _ _ _ _ _ _ _ _ _ _ _ _ _ _ _ _ _ _ _ _ _ _ _ _ _ _\n\nself = <selenium.webdriver.support.wait.WebDriverWait (session=\"052c676d9641dd456304ab501a3edbe4\")>\nmethod = <function presence_of_element_located.<locals>._predicate at 0x000002584CD50180>\nmessage = ''\n\n    def until(self, method: Callable[[D], Union[Literal[False], T]], message: str = \"\") -> T:\n        \"\"\"Calls the method provided with the driver as an argument until the \\\n        return value does not evaluate to ``False``.\n    \n        :param method: callable(WebDriver)\n        :param message: optional message for :exc:`TimeoutException`\n        :returns: the result of the last call to `method`\n        :raises: :exc:`selenium.common.exceptions.TimeoutException` if timeout occurs\n        \"\"\"\n        screen = None\n        stacktrace = None\n    \n        end_time = time.monotonic() + self._timeout\n        while True:\n            try:\n                value = method(self._driver)\n                if value:\n                    return value\n            except self._ignored_exceptions as exc:\n                screen = getattr(exc, \"screen\", None)\n                stacktrace = getattr(exc, \"stacktrace\", None)\n            time.sleep(self._poll)\n            if time.monotonic() > end_time:\n                break\n>       raise TimeoutException(message, screen, stacktrace)\nE       selenium.common.exceptions.TimeoutException: Message: \nE       Stacktrace:\nE       \tGetHandleVerifier [0x00007FF726BAFB05+28789]\nE       \t(No symbol) [0x00007FF726B186E0]\nE       \t(No symbol) [0x00007FF7269B592A]\nE       \t(No symbol) [0x00007FF726A0930E]\nE       \t(No symbol) [0x00007FF726A095FC]\nE       \t(No symbol) [0x00007FF726A528A7]\nE       \t(No symbol) [0x00007FF726A2F47F]\nE       \t(No symbol) [0x00007FF726A4F654]\nE       \t(No symbol) [0x00007FF726A2F1E3]\nE       \t(No symbol) [0x00007FF7269FA938]\nE       \t(No symbol) [0x00007FF7269FBAA1]\nE       \tGetHandleVerifier [0x00007FF726EE933D+3410093]\nE       \tGetHandleVerifier [0x00007FF726EFE7DD+3497293]\nE       \tGetHandleVerifier [0x00007FF726EF2A73+3448803]\nE       \tGetHandleVerifier [0x00007FF726C77BBB+848171]\nE       \t(No symbol) [0x00007FF726B23C3F]\nE       \t(No symbol) [0x00007FF726B1F6E4]\nE       \t(No symbol) [0x00007FF726B1F87D]\nE       \t(No symbol) [0x00007FF726B0ED49]\nE       \tBaseThreadInitThunk [0x00007FFC30B4E8D7+23]\nE       \tRtlUserThreadStart [0x00007FFC31EBFBCC+44]\n\n.venv\\Lib\\site-packages\\selenium\\webdriver\\support\\wait.py:105: TimeoutException"}, "description": "Регистрируем пользователя с указанными данными", "steps": [{"name": "Регистрируем пользователя: 'John' 'Doe'", "status": "broken", "statusDetails": {"message": "selenium.common.exceptions.TimeoutException: Message: \nStacktrace:\n\tGetHandleVerifier [0x00007FF726BAFB05+28789]\n\t(No symbol) [0x00007FF726B186E0]\n\t(No symbol) [0x00007FF7269B592A]\n\t(No symbol) [0x00007FF726A0930E]\n\t(No symbol) [0x00007FF726A095FC]\n\t(No symbol) [0x00007FF726A528A7]\n\t(No symbol) [0x00007FF726A2F47F]\n\t(No symbol) [0x00007FF726A4F654]\n\t(No symbol) [0x00007FF726A2F1E3]\n\t(No symbol) [0x00007FF7269FA938]\n\t(No symbol) [0x00007FF7269FBAA1]\n\tGetHandleVerifier [0x00007FF726EE933D+3410093]\n\tGetHandleVerifier [0x00007FF726EFE7DD+3497293]\n\tGetHandleVerifier [0x00007FF726EF2A73+3448803]\n\tGetHandleVerifier [0x00007FF726C77BBB+848171]\n\t(No symbol) [0x00007FF726B23C3F]\n\t(No symbol) [0x00007FF726B1F6E4]\n\t(No symbol) [0x00007FF726B1F87D]\n\t(No symbol) [0x00007FF726B0ED49]\n\tBaseThreadInitThunk [0x00007FFC30B4E8D7+23]\n\tRtlUserThreadStart [0x00007FFC31EBFBCC+44]\n\n", "trace": "  File \"C:\\Otus_lerning\\OpenCart_Selenium\\.venv\\Lib\\site-packages\\allure_commons\\_allure.py\", line 192, in impl\n    return func(*a, **kw)\n           ^^^^^^^^^^^^^^\n  File \"C:\\Otus_lerning\\OpenCart_Selenium\\pages\\registration_page.py\", line 17, in register_user\n    self.input_text(*self.FIRSTNAME_INPUT, firstname)\n  File \"C:\\Otus_lerning\\OpenCart_Selenium\\pages\\base_page.py\", line 33, in input_text\n    element = self.find(by, locator)\n              ^^^^^^^^^^^^^^^^^^^^^^\n  File \"C:\\Otus_lerning\\OpenCart_Selenium\\pages\\base_page.py\", line 16, in find\n    return self.wait.until(EC.presence_of_element_located((by, locator)))\n           ^^^^^^^^^^^^^^^^^^^^^^^^^^^^^^^^^^^^^^^^^^^^^^^^^^^^^^^^^^^^^^\n  File \"C:\\Otus_lerning\\OpenCart_Selenium\\.venv\\Lib\\site-packages\\selenium\\webdriver\\support\\wait.py\", line 105, in until\n    raise TimeoutException(message, screen, stacktrace)\n"}, "parameters": [{"name": "firstname", "value": "'John'"}, {"name": "lastname", "value": "'Doe'"}, {"name": "email", "value": "'john.doe@example.com'"}, {"name": "password", "value": "'password123'"}], "start": 1734889249261, "stop": 1734889259447}], "attachments": [{"name": "screenshot", "source": "752c0127-696d-48c9-b4b1-773c6d10055a-attachment.png", "type": "image/png"}, {"name": "log", "source": "71bab1f0-57aa-4604-b02d-bdd0e9a5730a-attachment.txt", "type": "text/plain"}], "start": 1734889249261, "stop": 1734889259449, "uuid": "ac37e142-43f5-4d7b-96a0-eff87de0fd4f", "historyId": "e473152b92cbad014d8fd75723c11d6d", "testCaseId": "e473152b92cbad014d8fd75723c11d6d", "fullName": "tests.test_find_elements#test_user_registration", "labels": [{"name": "parentSuite", "value": "tests"}, {"name": "suite", "value": "test_find_elements"}, {"name": "host", "value": "MSI"}, {"name": "thread", "value": "16508-MainThread"}, {"name": "framework", "value": "pytest"}, {"name": "language", "value": "cpython3"}, {"name": "package", "value": "tests.test_find_elements"}]}